========================================================================================================================
(a) Deploy step chosen by DEV (7 folds excluding the test year)
========================================================================================================================
  test_year  sl 3  sl 5  sl 8  sl10  sl20  sl30
     2018    550000  450000  350000  300000  200000  110000
     2019    550000  450000  350000  300000  200000  130000
     2020    550000  450000  350000  300000  140000  80000
     2021    550000  450000  350000  260000  125000  75000
     2022    550000  450000  350000  290000  135000  80000
     2023    550000  450000  350000  300000  135000  80000
     2024    550000  450000  350000  290000  130000  80000
     2025    550000  450000  340000  300000  140000  80000

========================================================================================================================
(b) Single-seqlen IC (%) on each test year
========================================================================================================================
  test_year  sl 3       sl 5       sl 8       sl10       sl20       sl30     
     2018    +3.0463  +3.9822  +4.5918  +4.7903  +5.2593  +5.2743
     2019    +3.0204  +3.6915  +4.2116  +4.3809  +5.0501  +5.0873
     2020    +3.4709  +4.4453  +4.8224  +4.9792  +5.6358  +5.8371
     2021    +2.1392  +2.6924  +3.0090  +2.9726  +3.1663  +3.2747
     2022    +1.8189  +2.2485  +2.3224  +2.3474  +2.6669  +2.9024
     2023    +1.6842  +1.8644  +1.8521  +1.9557  +2.2666  +2.5078
     2024    +1.7229  +2.0918  +2.1659  +2.2517  +2.1130  +1.8483
     2025    +1.7231  +1.9436  +1.8414  +1.8179  +1.5581  +1.5667

========================================================================================================================
(c) FOCUS combo tracker across 8 LOO runs
========================================================================================================================
  combo                                2018_rnk  2018_IC   2019_rnk  2019_IC   2020_rnk  2020_IC   2021_rnk  2021_IC   2022_rnk  2022_IC   2023_rnk  2023_IC   2024_rnk  2024_IC   2025_rnk  2025_IC 
  sl3+sl5+sl10+sl20+sl30                # 1  +6.258   # 1  +5.738   # 1  +6.363   # 1  +3.590   # 1  +3.034   # 1  +2.604   # 1  +2.504   # 1  +2.105
  sl3+sl5+sl8+sl10+sl20+sl30            # 8  +6.241   # 3  +5.678   # 8  +6.292   # 9  +3.587   # 8  +2.985   # 8  +2.538   #10  +2.515   #10  +2.118

========================================================================================================================
(d) DEV top-1 vs test-best per year
========================================================================================================================
  year  DEV top-1                          test_IC   test-best (DEV rank)               test_IC  gap(bps)
  2018  sl3+sl5+sl10+sl20+sl30            +6.2585    sl5+sl10+sl20+sl30 (#5)           +6.2825     2.40
  2019  sl3+sl5+sl10+sl20+sl30            +5.7380    sl3+sl8+sl20+sl30 (#6)            +5.7805     4.25
  2020  sl3+sl5+sl10+sl20+sl30            +6.3626    sl5+sl10+sl20+sl30 (#3)           +6.3761     1.35
  2021  sl3+sl5+sl10+sl20+sl30            +3.5898    sl5+sl8+sl20+sl30 (#6)            +3.6141     2.43
  2022  sl3+sl5+sl10+sl20+sl30            +3.0344    sl5+sl20+sl30 (#11)               +3.0676     3.32
  2023  sl3+sl5+sl10+sl20+sl30            +2.6045    sl3+sl5+sl20+sl30 (#10)           +2.6496     4.51
  2024  sl3+sl5+sl10+sl20+sl30            +2.5042    sl3+sl5+sl8+sl10+sl20+sl30 (#10)  +2.5153     1.11
  2025  sl3+sl5+sl10+sl20+sl30            +2.1047    sl3+sl5+sl10+sl30 (#19)           +2.1755     7.08

========================================================================================================================
(e) Mean test IC across 8 LOO folds (lower bound of a zero-tuning deploy)
========================================================================================================================
  combo                                    mean_test_IC  per-year IC                                                 
  sl3+sl5+sl10+sl20+sl30                     +4.0246%    +6.258  +5.738  +6.363  +3.590  +3.034  +2.604  +2.504  +2.105
  sl3+sl5+sl8+sl10+sl20+sl30                 +3.9944%    +6.241  +5.678  +6.292  +3.587  +2.985  +2.538  +2.515  +2.118
  DEV top-1 (per-year dynamic)               +4.0246%    +6.258  +5.738  +6.363  +3.590  +3.034  +2.604  +2.504  +2.105
