
====================================================================================================
(1a) SSL ABSOLUTE best-MA5 eval_corr% (v3 const-LR, sft_step<=150K, ssl=100K)
====================================================================================================
 sl  2015-2017  2015-2018  2015-2019  2015-2020  2015-2021  2015-2022  2015-2023  2015-2024
  3     2.7916     2.9477     2.8475     1.7211     1.8222     1.7194     1.5444     1.5811
  5     4.0088     3.7617     4.0557     2.3920     2.1796     1.9426     1.8821     1.7159
  8     4.8080     4.4269     4.8877     2.8211     2.1601     1.9177     2.0337     1.6746
 10     5.0363     4.7235     5.0421     2.8183     2.2362     2.0044     2.1457     1.8254
 20     5.6833     5.4723     5.6475     3.1777     2.6632     2.2465     2.1107     1.6515
 30     5.8813     5.7137     5.8266     3.3580     2.9048     2.4745     1.9122     1.6197

====================================================================================================
(1b) SSL INCREMENT bps(100K - 20K), per (sl, fold)
====================================================================================================
Change in best-MA5 eval_corr (in bps of IC) when going from 20K -> 100K SSL steps
 sl  2015-2017  2015-2018  2015-2019  2015-2020  2015-2021  2015-2022  2015-2023  2015-2024
  3      +7.73      +2.06      -2.33     +10.05      +3.25      +0.01      +4.38      +3.81
  5     +16.47      +3.92     +17.20     +21.01     +13.43      +4.57     +10.67     +10.68
  8      -0.70      +9.97      +8.17     +13.59      +4.01      +0.46      +3.21      +6.31
 10     +21.39     +16.09     +12.48     +11.03      +7.07      +8.02     +15.41     +10.37
 20     +20.73      +9.24     +32.40      +2.61     +27.35     +12.16     +14.62      -9.68
 30     +26.21     +19.46     +15.96     +37.97      +5.31     +10.82      -1.72      -3.42

====================================================================================================
(2) COSINE vs CONSTANT SFT (ssl=100K, seed 0)
====================================================================================================
How much does cosine decay help vs constant LR *at equal budget*?

2a) LAST checkpoint at sft_step=150K (const in v3) vs v2 cos-decay at sft_step=200K
    — v2 used 50K more gradient steps AND a cos-decay, so ∆ captures both

  sl = 3  (per-fold)
     fold  v3_const_last150  v2_cos_last200  delta_last_bps  v3_const_peakMA<=150  v2_cos_peakMA_150to200  delta_peakMA_bps
2015-2017            2.8236          2.9261         10.2518                2.7916                  2.9236           13.2020
2015-2018            3.0073          3.0352          2.7906                2.9477                  3.0341            8.6453
2015-2019            2.9193          2.9977          7.8445                2.8475                  2.9928           14.5285
2015-2020            1.7479          1.7853          3.7329                1.7211                  1.7839            6.2778
2015-2021            1.8497          1.8178         -3.1948                1.8222                  1.8220           -0.0147
2015-2022            1.7320          1.7476          1.5605                1.7194                  1.7479            2.8525
2015-2023            1.5392          1.5861          4.6932                1.5444                  1.5901            4.5678
2015-2024            1.5815          1.6198          3.8349                1.5811                  1.6145            3.3419

  sl = 5  (per-fold)
     fold  v3_const_last150  v2_cos_last200  delta_last_bps  v3_const_peakMA<=150  v2_cos_peakMA_150to200  delta_peakMA_bps
2015-2017            4.0878          4.0986          1.0756                4.0088                  4.1018            9.2967
2015-2018            3.8126          3.7948         -1.7807                3.7617                  3.7971            3.5447
2015-2019            4.1302          4.2248          9.4662                4.0557                  4.2187           16.2994
2015-2020            2.4387          2.4956          5.6944                2.3920                  2.4923           10.0270
2015-2021            2.1609          2.1826          2.1688                2.1796                  2.1866            0.6968
2015-2022            1.9248          1.9166         -0.8189                1.9426                  1.9405           -0.2109
2015-2023            1.8593          1.9345          7.5243                1.8821                  1.9391            5.6964
2015-2024            1.7483          1.7725          2.4195                1.7159                  1.7727            5.6823

  sl = 8  (per-fold)
     fold  v3_const_last150  v2_cos_last200  delta_last_bps  v3_const_peakMA<=150  v2_cos_peakMA_150to200  delta_peakMA_bps
2015-2017            4.8276          4.7716         -5.6081                4.8080                  4.8289            2.0915
2015-2018            4.4807          4.4578         -2.2823                4.4269                  4.4576            3.0666
2015-2019            4.9338          4.9590          2.5238                4.8877                  4.9520            6.4281
2015-2020            2.8865          2.8918          0.5275                2.8211                  2.8944            7.3293
2015-2021            2.1457          2.2009          5.5221                2.1601                  2.2066            4.6496
2015-2022            1.8790          1.8951          1.6109                1.9177                  1.9047           -1.3016
2015-2023            2.0085          2.0934          8.4855                2.0337                  2.1077            7.4080
2015-2024            1.6843          1.7020          1.7725                1.6746                  1.7008            2.6238

  sl = 10  (per-fold)
     fold  v3_const_last150  v2_cos_last200  delta_last_bps  v3_const_peakMA<=150  v2_cos_peakMA_150to200  delta_peakMA_bps
2015-2017            4.9776          4.8887         -8.8930                5.0363                  4.9645           -7.1802
2015-2018            4.7100          4.6231         -8.6876                4.7235                  4.6767           -4.6768
2015-2019            5.0675          5.0723          0.4823                5.0421                  5.0803            3.8166
2015-2020            2.8527          2.9108          5.8159                2.8183                  2.9059            8.7547
2015-2021            2.2513          2.2700          1.8785                2.2362                  2.2687            3.2489
2015-2022            1.9838          1.9755         -0.8330                2.0044                  1.9967           -0.7693
2015-2023            2.1068          2.2090         10.2244                2.1457                  2.2156            6.9894
2015-2024            1.8584          1.8492         -0.9188                1.8254                  1.8532            2.7828

====================================================================================================
(3) PER-FOLD BEST-MA5 SFT STEP (in thousands)
====================================================================================================
For each (sl, fold), the sft_step where MA5 eval_corr peaks.
 sl  2015-2017  2015-2018  2015-2019  2015-2020  2015-2021  2015-2022  2015-2023  2015-2024
  3        440        290        550        550        330        220        480        550
  5        250        210        340        450        400        150        450        440
  8        150        210        250        340        350         85        300        350
 10        110        125        170        270        300        110        300        250
 20         80         90        125        200        170         80        135        150
 30         45         55         80        100        150         75        120        110

====================================================================================================
(4) Single-model peak MA5 eval_corr% (v3_1+v3 primer), per (sl, fold)
====================================================================================================
 sl  2015-2017  2015-2018  2015-2019  2015-2020  2015-2021  2015-2022  2015-2023  2015-2024
  3     3.1175     3.0970     3.4586     2.1447     1.8437     1.7475     1.7186     1.7199
  5     4.1221     3.7910     4.4489     2.7071     2.2470     1.9426     2.0899     1.9438
  8     4.8080     4.4612     4.9537     2.9969     2.2937     1.9177     2.1984     1.8395
 10     5.0363     4.7235     5.0608     3.0004     2.3482     2.0044     2.2484     1.8505
 20     5.6833     5.4723     5.6475     3.2737     2.6785     2.2465     2.1107     1.6515
 30     5.8813     5.7137     5.8266     3.3380     2.8943     2.4745     1.9032     1.5974
